android/app/build/intermediates/manifest_merge_blame_file/debug/manifest-merger-blame-debug-report.txt
1<?xml version="1.0" encoding="utf-8"?>
2<manifest xmlns:android="http://schemas.android.com/apk/res/android"
3    package="com.openclaw.homeassistant"
4    android:versionCode="1"
5    android:versionName="1.0" >
6
7    <uses-sdk
8        android:minSdkVersion="21"
9        android:targetSdkVersion="34" />
10
11    <uses-permission android:name="android.permission.INTERNET" />
11-->src/main/AndroidManifest.xml:5:5-67
11-->src/main/AndroidManifest.xml:5:22-64
12    <uses-permission android:name="android.permission.RECORD_AUDIO" />
12-->src/main/AndroidManifest.xml:6:5-71
12-->src/main/AndroidManifest.xml:6:22-68
13    <uses-permission android:name="android.permission.ACCESS_NETWORK_STATE" />
13-->src/main/AndroidManifest.xml:7:5-79
13-->src/main/AndroidManifest.xml:7:22-76
14    <uses-permission android:name="android.permission.PACKAGE_USAGE_STATS" />
14-->src/main/AndroidManifest.xml:8:5-78
14-->src/main/AndroidManifest.xml:8:22-75
15    <uses-permission android:name="android.permission.ACCESS_FINE_LOCATION" />
15-->src/main/AndroidManifest.xml:9:5-79
15-->src/main/AndroidManifest.xml:9:22-76
16    <uses-permission android:name="android.permission.ACCESS_COARSE_LOCATION" />
16-->src/main/AndroidManifest.xml:10:5-81
16-->src/main/AndroidManifest.xml:10:22-78
17    <uses-permission android:name="android.permission.ACCESS_WIFI_STATE" />
17-->src/main/AndroidManifest.xml:11:5-76
17-->src/main/AndroidManifest.xml:11:22-73
18    <uses-permission android:name="android.permission.READ_CONTACTS" />
18-->src/main/AndroidManifest.xml:12:5-72
18-->src/main/AndroidManifest.xml:12:22-69
19    <uses-permission android:name="android.permission.CAMERA" />
19-->src/main/AndroidManifest.xml:13:5-65
19-->src/main/AndroidManifest.xml:13:22-62
20    <uses-permission
20-->src/main/AndroidManifest.xml:14:5-15:38
21        android:name="android.permission.WRITE_EXTERNAL_STORAGE"
21-->src/main/AndroidManifest.xml:14:22-78
22        android:maxSdkVersion="28" />
22-->src/main/AndroidManifest.xml:15:9-35
23    <uses-permission
23-->src/main/AndroidManifest.xml:16:5-17:38
24        android:name="android.permission.READ_EXTERNAL_STORAGE"
24-->src/main/AndroidManifest.xml:16:22-77
25        android:maxSdkVersion="32" />
25-->src/main/AndroidManifest.xml:17:9-35
26
27    <!-- 自动化所需权限 -->
28    <uses-permission android:name="android.permission.RECEIVE_BOOT_COMPLETED" />
28-->src/main/AndroidManifest.xml:20:5-81
28-->src/main/AndroidManifest.xml:20:22-78
29    <uses-permission android:name="android.permission.WAKE_LOCK" />
29-->src/main/AndroidManifest.xml:21:5-68
29-->src/main/AndroidManifest.xml:21:22-65
30    <uses-permission android:name="android.permission.REQUEST_IGNORE_BATTERY_OPTIMIZATIONS" />
30-->src/main/AndroidManifest.xml:22:5-95
30-->src/main/AndroidManifest.xml:22:22-92
31    <uses-permission android:name="android.permission.SCHEDULE_EXACT_ALARM" />
31-->src/main/AndroidManifest.xml:23:5-79
31-->src/main/AndroidManifest.xml:23:22-76
32    <uses-permission android:name="android.permission.USE_EXACT_ALARM" />
32-->src/main/AndroidManifest.xml:24:5-74
32-->src/main/AndroidManifest.xml:24:22-71
33    <uses-permission android:name="android.permission.POST_NOTIFICATIONS" />
33-->src/main/AndroidManifest.xml:25:5-77
33-->src/main/AndroidManifest.xml:25:22-74
34
35    <!-- Don't require camera, as this requires a rear camera. This allows it to work on the Nexus 7 -->
36    <uses-feature
36-->[com.journeyapps:zxing-android-embedded:4.3.0] AndroidManifest.xml:25:5-27:36
37        android:name="android.hardware.camera"
37-->[com.journeyapps:zxing-android-embedded:4.3.0] AndroidManifest.xml:26:9-47
38        android:required="false" />
38-->[com.journeyapps:zxing-android-embedded:4.3.0] AndroidManifest.xml:27:9-33
39    <uses-feature
39-->[com.journeyapps:zxing-android-embedded:4.3.0] AndroidManifest.xml:28:5-30:36
40        android:name="android.hardware.camera.front"
40-->[com.journeyapps:zxing-android-embedded:4.3.0] AndroidManifest.xml:29:9-53
41        android:required="false" /> <!-- TODO replace above two with next line after Android 4.2 -->
41-->[com.journeyapps:zxing-android-embedded:4.3.0] AndroidManifest.xml:30:9-33
42    <!-- <uses-feature android:name="android.hardware.camera.any"/> -->
43    <uses-feature
43-->[com.journeyapps:zxing-android-embedded:4.3.0] AndroidManifest.xml:33:5-35:36
44        android:name="android.hardware.camera.autofocus"
44-->[com.journeyapps:zxing-android-embedded:4.3.0] AndroidManifest.xml:34:9-57
45        android:required="false" />
45-->[com.journeyapps:zxing-android-embedded:4.3.0] AndroidManifest.xml:35:9-33
46    <uses-feature
46-->[com.journeyapps:zxing-android-embedded:4.3.0] AndroidManifest.xml:36:5-38:36
47        android:name="android.hardware.camera.flash"
47-->[com.journeyapps:zxing-android-embedded:4.3.0] AndroidManifest.xml:37:9-53
48        android:required="false" />
48-->[com.journeyapps:zxing-android-embedded:4.3.0] AndroidManifest.xml:38:9-33
49    <uses-feature
49-->[com.journeyapps:zxing-android-embedded:4.3.0] AndroidManifest.xml:39:5-41:36
50        android:name="android.hardware.screen.landscape"
50-->[com.journeyapps:zxing-android-embedded:4.3.0] AndroidManifest.xml:40:9-57
51        android:required="false" />
51-->[com.journeyapps:zxing-android-embedded:4.3.0] AndroidManifest.xml:41:9-33
52    <uses-feature
52-->[com.journeyapps:zxing-android-embedded:4.3.0] AndroidManifest.xml:42:5-44:36
53        android:name="android.hardware.wifi"
53-->[com.journeyapps:zxing-android-embedded:4.3.0] AndroidManifest.xml:43:9-45
54        android:required="false" />
54-->[com.journeyapps:zxing-android-embedded:4.3.0] AndroidManifest.xml:44:9-33
55
56    <permission
56-->[androidx.core:core:1.9.0] AndroidManifest.xml:22:5-24:47
57        android:name="com.openclaw.homeassistant.DYNAMIC_RECEIVER_NOT_EXPORTED_PERMISSION"
57-->[androidx.core:core:1.9.0] AndroidManifest.xml:23:9-81
58        android:protectionLevel="signature" />
58-->[androidx.core:core:1.9.0] AndroidManifest.xml:24:9-44
59
60    <uses-permission android:name="com.openclaw.homeassistant.DYNAMIC_RECEIVER_NOT_EXPORTED_PERMISSION" />
60-->[androidx.core:core:1.9.0] AndroidManifest.xml:26:5-97
60-->[androidx.core:core:1.9.0] AndroidManifest.xml:26:22-94
61
62    <application
62-->src/main/AndroidManifest.xml:27:5-115:19
63        android:allowBackup="true"
63-->src/main/AndroidManifest.xml:28:9-35
64        android:appComponentFactory="androidx.core.app.CoreComponentFactory"
64-->[androidx.core:core:1.9.0] AndroidManifest.xml:28:18-86
65        android:debuggable="true"
66        android:extractNativeLibs="true"
67        android:icon="@mipmap/ic_launcher"
67-->src/main/AndroidManifest.xml:29:9-43
68        android:label="@string/app_name"
68-->src/main/AndroidManifest.xml:30:9-41
69        android:roundIcon="@mipmap/ic_launcher_round"
69-->src/main/AndroidManifest.xml:31:9-54
70        android:supportsRtl="true"
70-->src/main/AndroidManifest.xml:32:9-35
71        android:theme="@style/Theme.OpenClawHomeAssistant"
71-->src/main/AndroidManifest.xml:33:9-59
72        android:usesCleartextTraffic="true" >
72-->src/main/AndroidManifest.xml:34:9-44
73        <activity
73-->src/main/AndroidManifest.xml:36:9-45:20
74            android:name="com.openclaw.homeassistant.MainActivity"
74-->src/main/AndroidManifest.xml:37:13-41
75            android:exported="true"
75-->src/main/AndroidManifest.xml:38:13-36
76            android:label="@string/app_name"
76-->src/main/AndroidManifest.xml:39:13-45
77            android:theme="@style/Theme.OpenClawHomeAssistant" >
77-->src/main/AndroidManifest.xml:40:13-63
78            <intent-filter>
78-->src/main/AndroidManifest.xml:41:13-44:29
79                <action android:name="android.intent.action.MAIN" />
79-->src/main/AndroidManifest.xml:42:17-69
79-->src/main/AndroidManifest.xml:42:25-66
80
81                <category android:name="android.intent.category.LAUNCHER" />
81-->src/main/AndroidManifest.xml:43:17-77
81-->src/main/AndroidManifest.xml:43:27-74
82            </intent-filter>
83        </activity>
84        <activity
84-->src/main/AndroidManifest.xml:47:9-50:66
85            android:name="com.openclaw.homeassistant.SettingsActivity"
85-->src/main/AndroidManifest.xml:48:13-45
86            android:label="设置"
86-->src/main/AndroidManifest.xml:49:13-31
87            android:theme="@style/Theme.OpenClawHomeAssistant" />
87-->src/main/AndroidManifest.xml:50:13-63
88        <activity
88-->src/main/AndroidManifest.xml:52:9-55:66
89            android:name="com.openclaw.homeassistant.HistoryActivity"
89-->src/main/AndroidManifest.xml:53:13-44
90            android:label="历史记录"
90-->src/main/AndroidManifest.xml:54:13-33
91            android:theme="@style/Theme.OpenClawHomeAssistant" />
91-->src/main/AndroidManifest.xml:55:13-63
92        <activity
92-->src/main/AndroidManifest.xml:57:9-61:40
93            android:name="com.openclaw.homeassistant.ConfigActivity"
93-->src/main/AndroidManifest.xml:58:13-43
94            android:exported="false"
94-->src/main/AndroidManifest.xml:61:13-37
95            android:label="配置管理"
95-->src/main/AndroidManifest.xml:59:13-33
96            android:theme="@style/Theme.OpenClawHomeAssistant" />
96-->src/main/AndroidManifest.xml:60:13-63
97        <activity
97-->src/main/AndroidManifest.xml:63:9-67:40
98            android:name="com.openclaw.homeassistant.AutomationRulesActivity"
98-->src/main/AndroidManifest.xml:64:13-52
99            android:exported="false"
99-->src/main/AndroidManifest.xml:67:13-37
100            android:label="自动化规则"
100-->src/main/AndroidManifest.xml:65:13-34
101            android:theme="@style/Theme.OpenClawHomeAssistant" />
101-->src/main/AndroidManifest.xml:66:13-63
102        <activity
102-->src/main/AndroidManifest.xml:69:9-73:40
103            android:name="com.openclaw.homeassistant.AutomationLogActivity"
103-->src/main/AndroidManifest.xml:70:13-50
104            android:exported="false"
104-->src/main/AndroidManifest.xml:73:13-37
105            android:label="自动化日志"
105-->src/main/AndroidManifest.xml:71:13-34
106            android:theme="@style/Theme.OpenClawHomeAssistant" />
106-->src/main/AndroidManifest.xml:72:13-63
107        <activity
107-->src/main/AndroidManifest.xml:75:9-79:40
108            android:name="com.openclaw.homeassistant.HealthRemindersActivity"
108-->src/main/AndroidManifest.xml:76:13-52
109            android:exported="false"
109-->src/main/AndroidManifest.xml:79:13-37
110            android:label="健康关怀"
110-->src/main/AndroidManifest.xml:77:13-33
111            android:theme="@style/Theme.OpenClawHomeAssistant" />
111-->src/main/AndroidManifest.xml:78:13-63
112
113        <!-- 健康提醒接收器 -->
114        <receiver
114-->src/main/AndroidManifest.xml:82:9-85:40
115            android:name="com.openclaw.homeassistant.HealthReminderReceiver"
115-->src/main/AndroidManifest.xml:83:13-51
116            android:enabled="true"
116-->src/main/AndroidManifest.xml:84:13-35
117            android:exported="false" />
117-->src/main/AndroidManifest.xml:85:13-37
118
119        <!-- 文件 Provider -->
120        <provider
121            android:name="androidx.core.content.FileProvider"
121-->src/main/AndroidManifest.xml:89:13-62
122            android:authorities="com.openclaw.homeassistant.fileprovider"
122-->src/main/AndroidManifest.xml:90:13-64
123            android:exported="false"
123-->src/main/AndroidManifest.xml:91:13-37
124            android:grantUriPermissions="true" >
124-->src/main/AndroidManifest.xml:92:13-47
125            <meta-data
125-->src/main/AndroidManifest.xml:93:13-95:54
126                android:name="android.support.FILE_PROVIDER_PATHS"
126-->src/main/AndroidManifest.xml:94:17-67
127                android:resource="@xml/file_paths" />
127-->src/main/AndroidManifest.xml:95:17-51
128        </provider>
129
130        <!-- 自动化启动接收器 -->
131        <receiver
131-->src/main/AndroidManifest.xml:99:9-107:20
132            android:name="com.openclaw.homeassistant.AutomationBootReceiver"
132-->src/main/AndroidManifest.xml:100:13-51
133            android:enabled="true"
133-->src/main/AndroidManifest.xml:101:13-35
134            android:exported="true" >
134-->src/main/AndroidManifest.xml:102:13-36
135            <intent-filter>
135-->src/main/AndroidManifest.xml:103:13-106:29
136                <action android:name="android.intent.action.BOOT_COMPLETED" />
136-->src/main/AndroidManifest.xml:104:17-79
136-->src/main/AndroidManifest.xml:104:25-76
137                <action android:name="android.intent.action.QUICKBOOT_POWERON" />
137-->src/main/AndroidManifest.xml:105:17-82
137-->src/main/AndroidManifest.xml:105:25-79
138            </intent-filter>
139        </receiver>
140
141        <!-- 自动化后台服务 -->
142        <service
142-->src/main/AndroidManifest.xml:110:9-114:60
143            android:name="com.openclaw.homeassistant.AutomationService"
143-->src/main/AndroidManifest.xml:111:13-46
144            android:enabled="true"
144-->src/main/AndroidManifest.xml:112:13-35
145            android:exported="false"
145-->src/main/AndroidManifest.xml:113:13-37
146            android:foregroundServiceType="shortService" />
146-->src/main/AndroidManifest.xml:114:13-57
147        <service
147-->[androidx.room:room-runtime:2.5.0] AndroidManifest.xml:24:9-28:63
148            android:name="androidx.room.MultiInstanceInvalidationService"
148-->[androidx.room:room-runtime:2.5.0] AndroidManifest.xml:25:13-74
149            android:directBootAware="true"
149-->[androidx.room:room-runtime:2.5.0] AndroidManifest.xml:26:13-43
150            android:exported="false" />
150-->[androidx.room:room-runtime:2.5.0] AndroidManifest.xml:27:13-37
151
152        <activity
152-->[com.journeyapps:zxing-android-embedded:4.3.0] AndroidManifest.xml:47:9-53:63
153            android:name="com.journeyapps.barcodescanner.CaptureActivity"
153-->[com.journeyapps:zxing-android-embedded:4.3.0] AndroidManifest.xml:48:13-74
154            android:clearTaskOnLaunch="true"
154-->[com.journeyapps:zxing-android-embedded:4.3.0] AndroidManifest.xml:49:13-45
155            android:screenOrientation="sensorLandscape"
155-->[com.journeyapps:zxing-android-embedded:4.3.0] AndroidManifest.xml:50:13-56
156            android:stateNotNeeded="true"
156-->[com.journeyapps:zxing-android-embedded:4.3.0] AndroidManifest.xml:51:13-42
157            android:theme="@style/zxing_CaptureTheme"
157-->[com.journeyapps:zxing-android-embedded:4.3.0] AndroidManifest.xml:52:13-54
158            android:windowSoftInputMode="stateAlwaysHidden" />
158-->[com.journeyapps:zxing-android-embedded:4.3.0] AndroidManifest.xml:53:13-60
159
160        <provider
160-->[androidx.emoji2:emoji2:1.2.0] AndroidManifest.xml:24:9-32:20
161            android:name="androidx.startup.InitializationProvider"
161-->[androidx.emoji2:emoji2:1.2.0] AndroidManifest.xml:25:13-67
162            android:authorities="com.openclaw.homeassistant.androidx-startup"
162-->[androidx.emoji2:emoji2:1.2.0] AndroidManifest.xml:26:13-68
163            android:exported="false" >
163-->[androidx.emoji2:emoji2:1.2.0] AndroidManifest.xml:27:13-37
164            <meta-data
164-->[androidx.emoji2:emoji2:1.2.0] AndroidManifest.xml:29:13-31:52
165                android:name="androidx.emoji2.text.EmojiCompatInitializer"
165-->[androidx.emoji2:emoji2:1.2.0] AndroidManifest.xml:30:17-75
166                android:value="androidx.startup" />
166-->[androidx.emoji2:emoji2:1.2.0] AndroidManifest.xml:31:17-49
167            <meta-data
167-->[androidx.lifecycle:lifecycle-process:2.4.1] AndroidManifest.xml:31:13-33:52
168                android:name="androidx.lifecycle.ProcessLifecycleInitializer"
168-->[androidx.lifecycle:lifecycle-process:2.4.1] AndroidManifest.xml:32:17-78
169                android:value="androidx.startup" />
169-->[androidx.lifecycle:lifecycle-process:2.4.1] AndroidManifest.xml:33:17-49
170        </provider>
171    </application>
172
173</manifest>